\BOOKMARK [1][-]{section*.3}{\376\377\000A\000b\000s\000t\000r\000a\000c\000t}{}% 1
\BOOKMARK [1][-]{section.1}{\376\377\0001\000\040\000I\000n\000t\000r\000o\000d\000u\000c\000t\000i\000o\000n}{}% 2
\BOOKMARK [1][-]{section.2}{\376\377\0002\000\040\000B\000A\000C\000K\000G\000R\000O\000U\000N\000D}{}% 3
\BOOKMARK [2][-]{section*.6}{\376\377\000I\000n\000t\000e\000r\000n\000e\000t\000\040\000o\000f\000\040\000T\000h\000i\000n\000g\000s}{section.2}% 4
\BOOKMARK [2][-]{section*.8}{\376\377\000D\000a\000t\000a\000\040\000P\000r\000o\000v\000e\000n\000a\000n\000c\000e}{section.2}% 5
\BOOKMARK [2][-]{section*.9}{\376\377\000P\000r\000o\000v\000e\000n\000a\000n\000c\000e\000\040\000C\000h\000a\000r\000a\000c\000t\000e\000r\000i\000s\000t\000i\000c\000s}{section.2}% 6
\BOOKMARK [1][-]{section.3}{\376\377\0003\000\040\000S\000y\000s\000t\000e\000m\000\040\000M\000o\000d\000e\000l}{}% 7
\BOOKMARK [2][-]{section*.10}{\376\377\000D\000a\000t\000a\000\040\000M\000o\000d\000e\000l}{section.3}% 8
\BOOKMARK [1][-]{section.4}{\376\377\0004\000\040\000p\000r\000o\000p\000o\000s\000e\000d\000\040\000M\000o\000d\000e\000l}{}% 9
\BOOKMARK [1][-]{section.5}{\376\377\0005\000\040\000E\000x\000p\000e\000r\000i\000m\000e\000n\000t}{}% 10
\BOOKMARK [1][-]{section.6}{\376\377\0006\000\040\000D\000i\000s\000c\000u\000s\000s\000i\000o\000n}{}% 11
\BOOKMARK [2][-]{section*.14}{\376\377\000C\000i\000t\000a\000t\000i\000o\000n\000s}{section.6}% 12
\BOOKMARK [2][-]{section*.15}{\376\377\000T\000a\000b\000l\000e\000s}{section.6}% 13
\BOOKMARK [2][-]{section*.18}{\376\377\000F\000i\000g\000u\000r\000e\000s}{section.6}% 14
\BOOKMARK [2][-]{section*.23}{\376\377\000T\000h\000e\000o\000r\000e\000m\000-\000l\000i\000k\000e\000\040\000C\000o\000n\000s\000t\000r\000u\000c\000t\000s}{section.6}% 15
\BOOKMARK [1][-]{section.7}{\376\377\0007\000\040\000C\000o\000n\000c\000l\000u\000s\000i\000o\000n\000s}{}% 16
\BOOKMARK [1][-]{appendix.A}{\376\377\000A\000\040\000H\000e\000a\000d\000i\000n\000g\000s\000\040\000i\000n\000\040\000A\000p\000p\000e\000n\000d\000i\000c\000e\000s}{}% 17
\BOOKMARK [2][-]{section*.24}{\376\377\000I\000n\000t\000r\000o\000d\000u\000c\000t\000i\000o\000n}{appendix.A}% 18
\BOOKMARK [2][-]{section*.25}{\376\377\000T\000h\000e\000\040\000B\000o\000d\000y\000\040\000o\000f\000\040\000t\000h\000e\000\040\000P\000a\000p\000e\000r}{appendix.A}% 19
\BOOKMARK [2][-]{section*.35}{\376\377\000C\000o\000n\000c\000l\000u\000s\000i\000o\000n\000s}{appendix.A}% 20
\BOOKMARK [2][-]{section*.36}{\376\377\000R\000e\000f\000e\000r\000e\000n\000c\000e\000s}{appendix.A}% 21
\BOOKMARK [1][-]{appendix.B}{\376\377\000B\000\040\000M\000o\000r\000e\000\040\000H\000e\000l\000p\000\040\000f\000o\000r\000\040\000t\000h\000e\000\040\000H\000a\000r\000d\000y}{}% 22
\BOOKMARK [1][-]{section*.38}{\376\377\000A\000c\000k\000n\000o\000w\000l\000e\000d\000g\000m\000e\000n\000t\000s}{}% 23
\BOOKMARK [1][-]{section*.40}{\376\377\000R\000e\000f\000e\000r\000e\000n\000c\000e\000s}{}% 24
